[2024-12-17 13:00:02,695] multiqc                                            [DEBUG  ]  This is MultiQC v1.21
[2024-12-17 13:00:02,727] multiqc                                            [DEBUG  ]  Loading config settings from: multiqc_config.yml
[2024-12-17 13:00:02,727] multiqc                                            [ERROR  ]  Config 'custom_logo' path not found, skipping (nf-core-sarek_logo_light.png)
[2024-12-17 13:00:02,727] multiqc                                            [DEBUG  ]  New config: {'custom_logo_url': 'https://github.com/nf-core/sarek/', 'custom_logo_title': 'nf-core/sarek', 'report_comment': 'This report has been generated by the <a href="https://github.com/nf-core/sarek/releases/tag/3.4.2" target="_blank">nf-core/sarek</a> analysis pipeline. For information about how to interpret these results, please see the <a href="https://nf-co.re/sarek/3.4.2/docs/output" target="_blank">documentation</a>.\n', 'report_section_order': {'nf-core-sarek-methods-description': {'order': -1000}, 'software_versions': {'order': -1001}, 'nf-core-sarek-summary': {'order': -1002}}, 'export_plots': True, 'disable_version_detection': True, 'run_modules': ['custom_content', 'fastqc', 'fastp', 'picard', 'samtools', 'mosdepth', 'gatk', 'bcftools', 'vcftools', 'snpeff', 'vep'], 'module_order': [{'fastqc': {'name': 'FastQC (raw)', 'path_filters_exclude': ['*_val_*.zip']}}, {'fastp': {'name': 'FastP (Read preprocessing)'}}, {'picard': {'name': 'GATK4 MarkDuplicates', 'info': ' metrics generated either by GATK4 MarkDuplicates or EstimateLibraryComplexity (with --use_gatk_spark).'}}, {'samtools': {'name': 'Samtools Flagstat'}}, {'mosdepth': {'name': 'Mosdepth'}}, {'gatk': {'name': 'GATK4 BQSR'}}, {'bcftools': {'name': 'Bcftools'}}, {'vcftools': {'name': 'Vcftools'}}, {'snpeff': {'name': 'SNPeff'}}, {'vep': {'name': 'VEP'}}], 'sample_names_replace_regex': True, 'sample_names_replace': {'\\.[0-9]{4}$': '.md', 'module': 'picard'}, 'custom_data': {'dedup_metrics': {'id': 'dedup_metrics', 'section_name': 'Sentieon Dedup Metrics', 'plot_type': 'table', 'pconfig': {'id': 'dedup_metrics', 'namespace': 'Sentieon Dedup Metrics'}, 'headers': {'LIBRARY': {'description': 'LIBRARY'}, 'UNPAIRED_READS_EXAMINED': {'description': 'UNPAIRED_READS_EXAMINE'}, 'READ_PAIRS_EXAMINED': {'description': 'READ_PAIRS_EXAMINED'}, 'SECONDARY_OR_SUPPLEMENTARY_RDS': {'description': 'SECONDARY_OR_SUPPLEMENTARY_RDS'}, 'UNMAPPED_READS': {'description': 'UNMAPPED_READS'}, 'UNPAIRED_READ_DUPLICATES': {'description': 'UNPAIRED_READ_DUPLICATES'}, 'READ_PAIR_DUPLICATES': {'description': 'READ_PAIR_DUPLICATES'}, 'READ_PAIR_OPTICAL_DUPLICATES': {'description': 'READ_PAIR_OPTICAL_DUPLICATES'}, 'PERCENT_DUPLICATION': {'description': 'PERCENT_DUPLICATION'}, 'ESTIMATED_LIBRARY_SIZE': {'description': 'ESTIMATED_LIBRARY_SIZE'}}}}}
[2024-12-17 13:00:02,727] multiqc                                            [DEBUG  ]  Added to filename patterns: [{'snpeff': {'contents': 'SnpEff_version', 'max_filesize': 5000000}, 'dedup_metrics': {'fn': '*.metrics.multiqc.tsv'}}]
[2024-12-17 13:00:02,727] multiqc                                            [DEBUG  ]  Added to filename clean extensions: [['_val', {'type': 'regex_keep', 'pattern': '^.*.(md|recal).mosdepth.(global|region).dist', 'module': 'mosdepth'}]]
[2024-12-17 13:00:02,732] multiqc                                            [DEBUG  ]  Loading config settings from: multiqc_config.yml
[2024-12-17 13:00:02,732] multiqc                                            [ERROR  ]  Config 'custom_logo' path not found, skipping (nf-core-sarek_logo_light.png)
[2024-12-17 13:00:02,732] multiqc                                            [DEBUG  ]  New config: {'custom_logo_url': 'https://github.com/nf-core/sarek/', 'custom_logo_title': 'nf-core/sarek', 'report_comment': 'This report has been generated by the <a href="https://github.com/nf-core/sarek/releases/tag/3.4.2" target="_blank">nf-core/sarek</a> analysis pipeline. For information about how to interpret these results, please see the <a href="https://nf-co.re/sarek/3.4.2/docs/output" target="_blank">documentation</a>.\n', 'report_section_order': {'nf-core-sarek-methods-description': {'order': -1000}, 'software_versions': {'order': -1001}, 'nf-core-sarek-summary': {'order': -1002}}, 'export_plots': True, 'disable_version_detection': True, 'run_modules': ['custom_content', 'fastqc', 'fastp', 'picard', 'samtools', 'mosdepth', 'gatk', 'bcftools', 'vcftools', 'snpeff', 'vep'], 'module_order': [{'fastqc': {'name': 'FastQC (raw)', 'path_filters_exclude': ['*_val_*.zip']}}, {'fastp': {'name': 'FastP (Read preprocessing)'}}, {'picard': {'name': 'GATK4 MarkDuplicates', 'info': ' metrics generated either by GATK4 MarkDuplicates or EstimateLibraryComplexity (with --use_gatk_spark).'}}, {'samtools': {'name': 'Samtools Flagstat'}}, {'mosdepth': {'name': 'Mosdepth'}}, {'gatk': {'name': 'GATK4 BQSR'}}, {'bcftools': {'name': 'Bcftools'}}, {'vcftools': {'name': 'Vcftools'}}, {'snpeff': {'name': 'SNPeff'}}, {'vep': {'name': 'VEP'}}], 'sample_names_replace_regex': True, 'sample_names_replace': {'\\.[0-9]{4}$': '.md', 'module': 'picard'}, 'custom_data': {'dedup_metrics': {'id': 'dedup_metrics', 'section_name': 'Sentieon Dedup Metrics', 'plot_type': 'table', 'pconfig': {'id': 'dedup_metrics', 'namespace': 'Sentieon Dedup Metrics'}, 'headers': {'LIBRARY': {'description': 'LIBRARY'}, 'UNPAIRED_READS_EXAMINED': {'description': 'UNPAIRED_READS_EXAMINE'}, 'READ_PAIRS_EXAMINED': {'description': 'READ_PAIRS_EXAMINED'}, 'SECONDARY_OR_SUPPLEMENTARY_RDS': {'description': 'SECONDARY_OR_SUPPLEMENTARY_RDS'}, 'UNMAPPED_READS': {'description': 'UNMAPPED_READS'}, 'UNPAIRED_READ_DUPLICATES': {'description': 'UNPAIRED_READ_DUPLICATES'}, 'READ_PAIR_DUPLICATES': {'description': 'READ_PAIR_DUPLICATES'}, 'READ_PAIR_OPTICAL_DUPLICATES': {'description': 'READ_PAIR_OPTICAL_DUPLICATES'}, 'PERCENT_DUPLICATION': {'description': 'PERCENT_DUPLICATION'}, 'ESTIMATED_LIBRARY_SIZE': {'description': 'ESTIMATED_LIBRARY_SIZE'}}}}}
[2024-12-17 13:00:02,732] multiqc                                            [DEBUG  ]  Added to filename patterns: [{'snpeff': {'contents': 'SnpEff_version', 'max_filesize': 5000000}, 'dedup_metrics': {'fn': '*.metrics.multiqc.tsv'}}]
[2024-12-17 13:00:02,732] multiqc                                            [DEBUG  ]  Added to filename clean extensions: [['_val', {'type': 'regex_keep', 'pattern': '^.*.(md|recal).mosdepth.(global|region).dist', 'module': 'mosdepth'}]]
[2024-12-17 13:00:02,732] multiqc                                            [DEBUG  ]  Command used: /usr/local/bin/multiqc --force --title GA_24_11_scWGS_downsampled_GRCh38 --config multiqc_config.yml .
[2024-12-17 13:00:06,755] multiqc                                            [DEBUG  ]  Timed out after waiting for 2s for multiqc.info to check latest version: HTTPSConnectionPool(host='api.multiqc.info', port=443): Max retries exceeded with url: /version?version_multiqc=1.21&version_python=3.11.8&operating_system=Linux&is_docker=False&is_singularity=True&is_conda=True&is_ci=False (Caused by ConnectTimeoutError(<urllib3.connection.HTTPSConnection object at 0x149b7dd91810>, 'Connection to api.multiqc.info timed out. (connect timeout=2)'))
[2024-12-17 13:00:06,755] multiqc                                            [DEBUG  ]  Working dir : /scratch/8669649/nxf.7ZIAXjYKzF
[2024-12-17 13:00:06,755] multiqc                                            [DEBUG  ]  Template    : default
[2024-12-17 13:00:06,755] multiqc                                            [DEBUG  ]  Running Python 3.11.8 | packaged by conda-forge | (main, Feb 16 2024, 20:53:32) [GCC 12.3.0]
[2024-12-17 13:00:06,755] multiqc                                            [INFO   ]  Report title: GA_24_11_scWGS_downsampled_GRCh38
[2024-12-17 13:00:06,756] multiqc                                            [INFO   ]  Only using modules: custom_content, fastqc, fastp, picard, samtools, mosdepth, gatk, bcftools, vcftools, snpeff, vep
[2024-12-17 13:00:06,756] multiqc                                            [DEBUG  ]  Analysing modules: custom_content, fastqc, fastp, picard, samtools, mosdepth, gatk, bcftools, vcftools, snpeff, vep
[2024-12-17 13:00:06,756] multiqc                                            [DEBUG  ]  Using temporary directory for creating report: /scratch/8669649/tmpg6xanwug
[2024-12-17 13:00:06,757] multiqc                                            [INFO   ]  Search path : /scratch/8669649/nxf.7ZIAXjYKzF
[2024-12-17 13:00:06,758] multiqc                                            [DEBUG  ]  Ignored 285 search patterns as didn't match running modules.
[2024-12-17 13:00:15,586] multiqc                                            [DEBUG  ]  Summary of files that were skipped by the search: [skipped_module_specific_max_filesize: 33] // [skipped_no_match: 25]
[2024-12-17 13:00:15,695] multiqc.modules.custom_content.custom_content      [DEBUG  ]  No samples found: custom content (dedup_metrics)
[2024-12-17 13:00:15,695] multiqc.modules.custom_content.custom_content      [INFO   ]  nf-core-sarek-summary: Found 1 sample (html)
[2024-12-17 13:00:15,695] multiqc.modules.custom_content.custom_content      [INFO   ]  nf-core-sarek-methods-description: Found 1 sample (html)
[2024-12-17 13:00:22,657] multiqc.modules.fastqc.fastqc                      [INFO   ]  Found 44 reports
[2024-12-17 13:00:22,658] multiqc.utils.util_functions                       [DEBUG  ]  Wrote data file multiqc_fastqc.txt
[2024-12-17 13:00:22,888] multiqc.plots.plotly.heatmap                       [DEBUG  ]  Resizing from 495x792 to fit the maximum size 900x500
[2024-12-17 13:00:22,888] multiqc.plots.plotly.heatmap                       [DEBUG  ]  Heatmap size: 900x500, px per element: 81.82x11.36
[2024-12-17 13:00:22,942] multiqc.modules.fastp.fastp                        [INFO   ]  Found 22 reports
[2024-12-17 13:00:22,942] multiqc.modules.fastp.fastp                        [DEBUG  ]  No duplication rate plot data: P33410_1015-L003
[2024-12-17 13:00:22,943] multiqc.modules.fastp.fastp                        [DEBUG  ]  No duplication rate plot data: P33410_1024-L003
[2024-12-17 13:00:22,943] multiqc.modules.fastp.fastp                        [DEBUG  ]  No duplication rate plot data: P33410_1012-L003
[2024-12-17 13:00:22,944] multiqc.modules.fastp.fastp                        [DEBUG  ]  No duplication rate plot data: P33410_1021-L003
[2024-12-17 13:00:22,944] multiqc.modules.fastp.fastp                        [DEBUG  ]  No duplication rate plot data: P33410_1009-L003
[2024-12-17 13:00:22,944] multiqc.modules.fastp.fastp                        [DEBUG  ]  No duplication rate plot data: P33410_1019-L003
[2024-12-17 13:00:22,945] multiqc.modules.fastp.fastp                        [DEBUG  ]  No duplication rate plot data: P33410_1014-L003
[2024-12-17 13:00:22,945] multiqc.modules.fastp.fastp                        [DEBUG  ]  No duplication rate plot data: P33410_1002-L003
[2024-12-17 13:00:22,945] multiqc.modules.fastp.fastp                        [DEBUG  ]  No duplication rate plot data: P33410_1017-L003
[2024-12-17 13:00:22,946] multiqc.modules.fastp.fastp                        [DEBUG  ]  No duplication rate plot data: P33410_1011-L003
[2024-12-17 13:00:22,946] multiqc.modules.fastp.fastp                        [DEBUG  ]  No duplication rate plot data: P33410_1010-L003
[2024-12-17 13:00:22,947] multiqc.modules.fastp.fastp                        [DEBUG  ]  No duplication rate plot data: P33410_1016-L003
[2024-12-17 13:00:22,947] multiqc.modules.fastp.fastp                        [DEBUG  ]  No duplication rate plot data: P33410_1004-L003
[2024-12-17 13:00:22,947] multiqc.modules.fastp.fastp                        [DEBUG  ]  No duplication rate plot data: P33410_1020-L003
[2024-12-17 13:00:22,948] multiqc.modules.fastp.fastp                        [DEBUG  ]  No duplication rate plot data: P33410_1022-L003
[2024-12-17 13:00:22,948] multiqc.modules.fastp.fastp                        [DEBUG  ]  No duplication rate plot data: P33410_1001-L003
[2024-12-17 13:00:22,948] multiqc.modules.fastp.fastp                        [DEBUG  ]  No duplication rate plot data: P33410_1013-L003
[2024-12-17 13:00:22,949] multiqc.modules.fastp.fastp                        [DEBUG  ]  No duplication rate plot data: P33410_1018-L003
[2024-12-17 13:00:22,949] multiqc.modules.fastp.fastp                        [DEBUG  ]  No duplication rate plot data: P33410_1006-L003
[2024-12-17 13:00:22,950] multiqc.modules.fastp.fastp                        [DEBUG  ]  No duplication rate plot data: P33410_1003-L003
[2024-12-17 13:00:22,950] multiqc.modules.fastp.fastp                        [DEBUG  ]  No duplication rate plot data: P33410_1005-L003
[2024-12-17 13:00:22,950] multiqc.modules.fastp.fastp                        [DEBUG  ]  No duplication rate plot data: P33410_1008-L003
[2024-12-17 13:00:23,007] multiqc.utils.util_functions                       [DEBUG  ]  Wrote data file multiqc_fastp.txt
[2024-12-17 13:00:23,081] multiqc.utils.util_functions                       [DEBUG  ]  Wrote data file multiqc_picard_dups.txt
[2024-12-17 13:00:23,087] multiqc.modules.picard.picard                      [INFO   ]  Found 22 MarkDuplicates reports
[2024-12-17 13:00:23,087] multiqc.utils.util_functions                       [DEBUG  ]  Wrote data file picard_histogram.txt
[2024-12-17 13:00:23,088] multiqc.utils.util_functions                       [DEBUG  ]  Wrote data file picard_histogram_1.txt
[2024-12-17 13:00:23,088] multiqc.utils.util_functions                       [DEBUG  ]  Wrote data file picard_histogram_2.txt
[2024-12-17 13:00:23,107] multiqc.utils.util_functions                       [DEBUG  ]  Wrote data file multiqc_samtools_stats.txt
[2024-12-17 13:00:23,147] multiqc.modules.samtools.samtools                  [INFO   ]  Found 22 stats reports
[2024-12-17 13:00:25,649] multiqc.modules.mosdepth.mosdepth                  [INFO   ]  Found reports for 22 samples
[2024-12-17 13:00:25,649] multiqc.utils.util_functions                       [DEBUG  ]  Wrote data file mosdepth_cumcov_dist.txt
[2024-12-17 13:00:25,653] multiqc.utils.util_functions                       [DEBUG  ]  Wrote data file mosdepth_cov_dist.txt
[2024-12-17 13:00:25,661] multiqc.utils.util_functions                       [DEBUG  ]  Wrote data file mosdepth_perchrom.txt
[2024-12-17 13:00:25,670] multiqc.modules.mosdepth.mosdepth                  [DEBUG  ]  Using default coverage thresholds: 1, 5, 10, 30, 50
[2024-12-17 13:00:25,672] multiqc                                            [DEBUG  ]  No samples found: snpeff
[2024-12-17 13:00:25,672] multiqc.utils.software_versions                    [DEBUG  ]  Reading software versions from config.software_versions
[2024-12-17 13:00:25,672] multiqc.utils.software_versions                    [DEBUG  ]  Reading software versions settings from: 179/nf_core_sarek_software_mqc_versions.yml
[2024-12-17 13:00:25,705] multiqc.utils.util_functions                       [DEBUG  ]  Wrote data file multiqc_software_versions.txt
[2024-12-17 13:00:25,705] multiqc                                            [DEBUG  ]  Reordering sections: anchor 'software_versions' not found.
[2024-12-17 13:00:25,705] multiqc                                            [DEBUG  ]  Reordering sections: anchor 'nf-core-sarek-methods-description' not found for module 'FastQC (raw)'.
[2024-12-17 13:00:25,705] multiqc                                            [DEBUG  ]  Reordering sections: anchor 'software_versions' not found for module 'FastQC (raw)'.
[2024-12-17 13:00:25,705] multiqc                                            [DEBUG  ]  Reordering sections: anchor 'nf-core-sarek-summary' not found for module 'FastQC (raw)'.
[2024-12-17 13:00:25,705] multiqc                                            [DEBUG  ]  Reordering sections: anchor 'nf-core-sarek-methods-description' not found for module 'FastP (Read preprocessing)'.
[2024-12-17 13:00:25,705] multiqc                                            [DEBUG  ]  Reordering sections: anchor 'software_versions' not found for module 'FastP (Read preprocessing)'.
[2024-12-17 13:00:25,705] multiqc                                            [DEBUG  ]  Reordering sections: anchor 'nf-core-sarek-summary' not found for module 'FastP (Read preprocessing)'.
[2024-12-17 13:00:25,705] multiqc                                            [DEBUG  ]  Reordering sections: anchor 'nf-core-sarek-methods-description' not found for module 'GATK4 MarkDuplicates'.
[2024-12-17 13:00:25,705] multiqc                                            [DEBUG  ]  Reordering sections: anchor 'software_versions' not found for module 'GATK4 MarkDuplicates'.
[2024-12-17 13:00:25,705] multiqc                                            [DEBUG  ]  Reordering sections: anchor 'nf-core-sarek-summary' not found for module 'GATK4 MarkDuplicates'.
[2024-12-17 13:00:25,705] multiqc                                            [DEBUG  ]  Reordering sections: anchor 'nf-core-sarek-methods-description' not found for module 'Samtools Flagstat'.
[2024-12-17 13:00:25,705] multiqc                                            [DEBUG  ]  Reordering sections: anchor 'software_versions' not found for module 'Samtools Flagstat'.
[2024-12-17 13:00:25,705] multiqc                                            [DEBUG  ]  Reordering sections: anchor 'nf-core-sarek-summary' not found for module 'Samtools Flagstat'.
[2024-12-17 13:00:25,705] multiqc                                            [DEBUG  ]  Reordering sections: anchor 'nf-core-sarek-methods-description' not found for module 'Mosdepth'.
[2024-12-17 13:00:25,705] multiqc                                            [DEBUG  ]  Reordering sections: anchor 'software_versions' not found for module 'Mosdepth'.
[2024-12-17 13:00:25,705] multiqc                                            [DEBUG  ]  Reordering sections: anchor 'nf-core-sarek-summary' not found for module 'Mosdepth'.
[2024-12-17 13:00:25,705] multiqc                                            [DEBUG  ]  Reordering sections: anchor 'nf-core-sarek-methods-description' not found for module 'Software Versions'.
[2024-12-17 13:00:25,705] multiqc                                            [DEBUG  ]  Reordering sections: anchor 'software_versions' not found for module 'Software Versions'.
[2024-12-17 13:00:25,705] multiqc                                            [DEBUG  ]  Reordering sections: anchor 'nf-core-sarek-summary' not found for module 'Software Versions'.
[2024-12-17 13:00:25,705] multiqc                                            [DEBUG  ]  Reordering sections: anchor 'nf-core-sarek-methods-description' not found for module 'nf-core/sarek Methods Description'.
[2024-12-17 13:00:25,705] multiqc                                            [DEBUG  ]  Reordering sections: anchor 'software_versions' not found for module 'nf-core/sarek Methods Description'.
[2024-12-17 13:00:25,705] multiqc                                            [DEBUG  ]  Reordering sections: anchor 'nf-core-sarek-summary' not found for module 'nf-core/sarek Methods Description'.
[2024-12-17 13:00:25,706] multiqc                                            [DEBUG  ]  Reordering sections: anchor 'nf-core-sarek-methods-description' not found for module 'nf-core/sarek Workflow Summary'.
[2024-12-17 13:00:25,706] multiqc                                            [DEBUG  ]  Reordering sections: anchor 'software_versions' not found for module 'nf-core/sarek Workflow Summary'.
[2024-12-17 13:00:25,706] multiqc                                            [DEBUG  ]  Reordering sections: anchor 'nf-core-sarek-summary' not found for module 'nf-core/sarek Workflow Summary'.
[2024-12-17 13:00:25,789] multiqc.utils.util_functions                       [DEBUG  ]  Wrote data file multiqc_general_stats.txt
[2024-12-17 13:00:25,791] multiqc                                            [DEBUG  ]  Compressing plot data
[2024-12-17 13:00:27,408] multiqc.utils.util_functions                       [DEBUG  ]  Wrote data file multiqc_data.json
[2024-12-17 13:00:27,409] multiqc                                            [INFO   ]  Report      : GA_24_11_scWGS_downsampled_GRCh38_multiqc_report.html
[2024-12-17 13:00:27,409] multiqc                                            [INFO   ]  Data        : GA_24_11_scWGS_downsampled_GRCh38_multiqc_report_data
[2024-12-17 13:00:27,409] multiqc                                            [DEBUG  ]  Moving data file from '/scratch/8669649/tmpg6xanwug/multiqc_data' to '/scratch/8669649/nxf.7ZIAXjYKzF/GA_24_11_scWGS_downsampled_GRCh38_multiqc_report_data'
[2024-12-17 13:00:27,423] multiqc                                            [DEBUG  ]  Full report path: /scratch/8669649/nxf.7ZIAXjYKzF/GA_24_11_scWGS_downsampled_GRCh38_multiqc_report.html
[2024-12-17 13:00:27,423] multiqc                                            [INFO   ]  Plots       : GA_24_11_scWGS_downsampled_GRCh38_multiqc_report_plots
[2024-12-17 13:00:27,423] multiqc                                            [DEBUG  ]  Moving plots directory from '/scratch/8669649/tmpg6xanwug/multiqc_plots' to '/scratch/8669649/nxf.7ZIAXjYKzF/GA_24_11_scWGS_downsampled_GRCh38_multiqc_report_plots'
[2024-12-17 13:00:27,534] multiqc                                            [INFO   ]  MultiQC complete
